<?xml version="1.0" encoding="UTF-8"?>
<!-- Generated by org.testng.reporters.JUnitXMLReporter -->
<testsuite ignored="0" hostname="LAPTOP-4AAG13DH" failures="0" tests="5" name="Test" time="27.287" errors="0" timestamp="2026-04-22T15:59:59 IST">
  <testcase classname="com.tests.TutorialNinjaDemo" name="invalidLogin" time="5.407"/>
  <testcase classname="com.tests.TutorialNinjaDemo" name="invalidLogin" time="6.5"/>
  <testcase classname="com.tests.TutorialNinjaDemo" name="searchInvalidProduct" time="0.801"/>
  <testcase classname="com.tests.TutorialNinjaDemo" name="searchValidProduct" time="1.108"/>
  <testcase classname="com.tests.TutorialNinjaDemo" name="validLogin" time="5.012"/>
</testsuite> <!-- Test -->
