<?xml version="1.0" encoding="UTF-8"?>
<!-- Generated by org.testng.reporters.JUnitXMLReporter -->
<testsuite ignored="2" hostname="LAPTOP-4AAG13DH" failures="2" tests="2" name="Default test(failed)" time="0.034" errors="0" timestamp="2026-04-22T14:11:12 IST">
  <testcase classname="com.tests.TutorialNinjaDemo" name="searchInvalidProduct" time="0.0">
    <failure type="org.testng.TestNGException" message="
Parameter &amp;apos;invaldsearch&amp;apos; is required by @Test on method searchInvalidProduct but has not been marked @Optional or defined
in C:\Users\vithy\git\Tutorialsninja\Tutorialsninja\test-output\testng-failed.xml">
      <![CDATA[org.testng.TestNGException: 
Parameter 'invaldsearch' is required by @Test on method searchInvalidProduct but has not been marked @Optional or defined
in C:\Users\vithy\git\Tutorialsninja\Tutorialsninja\test-output\testng-failed.xml
at java.base/java.util.ArrayList.forEach(ArrayList.java:1596)
... Removed 26 stack frames]]>
    </failure>
  </testcase> <!-- searchInvalidProduct -->
  <testcase classname="com.tests.TutorialNinjaDemo" name="searchValidProduct" time="0.0">
    <failure type="org.testng.TestNGException" message="
Parameter &amp;apos;search&amp;apos; is required by @Test on method searchValidProduct but has not been marked @Optional or defined
in C:\Users\vithy\git\Tutorialsninja\Tutorialsninja\test-output\testng-failed.xml">
      <![CDATA[org.testng.TestNGException: 
Parameter 'search' is required by @Test on method searchValidProduct but has not been marked @Optional or defined
in C:\Users\vithy\git\Tutorialsninja\Tutorialsninja\test-output\testng-failed.xml
at java.base/java.util.ArrayList.forEach(ArrayList.java:1596)
... Removed 26 stack frames]]>
    </failure>
  </testcase> <!-- searchValidProduct -->
  <testcase classname="com.tests.TutorialNinjaDemo" name="validLogin" time="0.0">
    <ignored/>
  </testcase> <!-- validLogin -->
  <testcase classname="com.tests.TutorialNinjaDemo" name="invalidLogin" time="0.0">
    <ignored/>
  </testcase> <!-- invalidLogin -->
</testsuite> <!-- Default test(failed) -->
