<?xml version="1.0" encoding="UTF-8"?>
<!-- Generated by org.testng.reporters.JUnitXMLReporter -->
<testsuite ignored="0" hostname="LAPTOP-4AAG13DH" failures="0" tests="4" name="Default test" time="22.586" errors="0" timestamp="2026-04-22T07:59:33 IST">
  <testcase classname="com.tests.TutorialNinjaDemo" name="invalidLogin" time="4.406"/>
  <testcase classname="com.tests.TutorialNinjaDemo" name="invalidLogin" time="3.977"/>
  <testcase classname="com.tests.TutorialNinjaDemo" name="searchMacProducts" time="1.792"/>
  <testcase classname="com.tests.TutorialNinjaDemo" name="validLogin" time="3.501"/>
</testsuite> <!-- Default test -->
