<?xml version="1.0" encoding="UTF-8"?>
<testng-results ignored="0" total="4" passed="4" failed="0" skipped="0">
  <reporter-output>
  </reporter-output>
  <suite started-at="2026-04-22T07:59:11 IST" name="Default suite" finished-at="2026-04-22T07:59:33 IST" duration-ms="22586">
    <groups>
    </groups>
    <test started-at="2026-04-22T07:59:11 IST" name="Default test" finished-at="2026-04-22T07:59:33 IST" duration-ms="22586">
      <class name="com.tests.TutorialNinjaDemo">
        <test-method is-config="true" signature="setup()[pri:0, instance:com.tests.TutorialNinjaDemo@3590fc5b]" started-at="2026-04-22T07:59:11 IST" name="setup" finished-at="2026-04-22T07:59:18 IST" duration-ms="6264" status="PASS">
          <reporter-output>
          </reporter-output>
        </test-method> <!-- setup -->
        <test-method is-config="true" signature="setup()[pri:0, instance:com.tests.TutorialNinjaDemo@3590fc5b]" started-at="2026-04-22T07:59:11 IST" name="setup" finished-at="2026-04-22T07:59:17 IST" duration-ms="5353" status="PASS">
          <reporter-output>
          </reporter-output>
        </test-method> <!-- setup -->
        <test-method signature="invalidLogin(java.lang.String,java.lang.String)[pri:0, instance:com.tests.TutorialNinjaDemo@3590fc5b]" started-at="2026-04-22T07:59:17 IST" name="invalidLogin" data-provider="invalidData" finished-at="2026-04-22T07:59:21 IST" duration-ms="4406" status="PASS">
          <params>
            <param index="0">
              <value>
                <![CDATA[senthiljenny2gmail.com]]>
              </value>
            </param>
            <param index="1">
              <value>
                <![CDATA[jenny]]>
              </value>
            </param>
          </params>
          <reporter-output>
          </reporter-output>
        </test-method> <!-- invalidLogin -->
        <test-method signature="invalidLogin(java.lang.String,java.lang.String)[pri:0, instance:com.tests.TutorialNinjaDemo@3590fc5b]" started-at="2026-04-22T07:59:18 IST" name="invalidLogin" data-provider="invalidData" finished-at="2026-04-22T07:59:22 IST" duration-ms="3977" status="PASS">
          <params>
            <param index="0">
              <value>
                <![CDATA[jennysenthil123@gmail]]>
              </value>
            </param>
            <param index="1">
              <value>
                <![CDATA[jennysenthil]]>
              </value>
            </param>
          </params>
          <reporter-output>
          </reporter-output>
        </test-method> <!-- invalidLogin -->
        <test-method is-config="true" signature="tearDown()[pri:0, instance:com.tests.TutorialNinjaDemo@3590fc5b]" started-at="2026-04-22T07:59:21 IST" name="tearDown" finished-at="2026-04-22T07:59:23 IST" duration-ms="1286" status="PASS">
          <reporter-output>
          </reporter-output>
        </test-method> <!-- tearDown -->
        <test-method is-config="true" signature="tearDown()[pri:0, instance:com.tests.TutorialNinjaDemo@3590fc5b]" started-at="2026-04-22T07:59:22 IST" name="tearDown" finished-at="2026-04-22T07:59:23 IST" duration-ms="765" status="PASS">
          <reporter-output>
          </reporter-output>
        </test-method> <!-- tearDown -->
        <test-method is-config="true" signature="setup()[pri:0, instance:com.tests.TutorialNinjaDemo@3590fc5b]" started-at="2026-04-22T07:59:23 IST" name="setup" finished-at="2026-04-22T07:59:25 IST" duration-ms="2579" status="PASS">
          <reporter-output>
          </reporter-output>
        </test-method> <!-- setup -->
        <test-method signature="searchMacProducts()[pri:0, instance:com.tests.TutorialNinjaDemo@3590fc5b]" started-at="2026-04-22T07:59:25 IST" name="searchMacProducts" finished-at="2026-04-22T07:59:27 IST" duration-ms="1792" status="PASS">
          <reporter-output>
          </reporter-output>
        </test-method> <!-- searchMacProducts -->
        <test-method is-config="true" signature="tearDown()[pri:0, instance:com.tests.TutorialNinjaDemo@3590fc5b]" started-at="2026-04-22T07:59:27 IST" name="tearDown" finished-at="2026-04-22T07:59:27 IST" duration-ms="363" status="PASS">
          <reporter-output>
          </reporter-output>
        </test-method> <!-- tearDown -->
        <test-method is-config="true" signature="setup()[pri:0, instance:com.tests.TutorialNinjaDemo@3590fc5b]" started-at="2026-04-22T07:59:27 IST" name="setup" finished-at="2026-04-22T07:59:30 IST" duration-ms="2333" status="PASS">
          <reporter-output>
          </reporter-output>
        </test-method> <!-- setup -->
        <test-method signature="validLogin(java.lang.String,java.lang.String)[pri:0, instance:com.tests.TutorialNinjaDemo@3590fc5b]" started-at="2026-04-22T07:59:30 IST" name="validLogin" data-provider="validData" finished-at="2026-04-22T07:59:33 IST" duration-ms="3501" status="PASS">
          <params>
            <param index="0">
              <value>
                <![CDATA[jennysenthil123@gmail.com]]>
              </value>
            </param>
            <param index="1">
              <value>
                <![CDATA[jenny]]>
              </value>
            </param>
          </params>
          <reporter-output>
          </reporter-output>
        </test-method> <!-- validLogin -->
        <test-method is-config="true" signature="tearDown()[pri:0, instance:com.tests.TutorialNinjaDemo@3590fc5b]" started-at="2026-04-22T07:59:33 IST" name="tearDown" finished-at="2026-04-22T07:59:33 IST" duration-ms="310" status="PASS">
          <reporter-output>
          </reporter-output>
        </test-method> <!-- tearDown -->
      </class> <!-- com.tests.TutorialNinjaDemo -->
    </test> <!-- Default test -->
  </suite> <!-- Default suite -->
</testng-results>
