<?xml version="1.0" encoding="UTF-8"?>
<!-- Generated by org.testng.reporters.JUnitReportReporter -->
<testsuite hostname="LAPTOP-4AAG13DH" failures="0" tests="5" name="com.tests.TutorialNinjaDemo" time="36.604" errors="0" timestamp="2026-04-22T15:59:59 IST" skipped="0">
  <testcase classname="com.tests.TutorialNinjaDemo" name="validLogin" time="7.592"/>
  <testcase classname="com.tests.TutorialNinjaDemo" name="invalidLogin" time="7.901"/>
  <testcase classname="com.tests.TutorialNinjaDemo" name="searchInvalidProduct" time="5.402"/>
  <testcase classname="com.tests.TutorialNinjaDemo" name="searchValidProduct" time="5.998"/>
  <testcase classname="com.tests.TutorialNinjaDemo" name="invalidLogin" time="9.711"/>
</testsuite> <!-- com.tests.TutorialNinjaDemo -->
