<?xml version="1.0" encoding="UTF-8"?>
<!-- Generated by org.testng.reporters.JUnitReportReporter -->
<testsuite hostname="LAPTOP-4AAG13DH" failures="0" tests="4" name="com.tests.TutorialNinjaDemo" time="32.929" errors="0" timestamp="2026-04-22T07:59:34 IST" skipped="0">
  <testcase classname="com.tests.TutorialNinjaDemo" name="validLogin" time="6.144"/>
  <testcase classname="com.tests.TutorialNinjaDemo" name="invalidLogin" time="7.348"/>
  <testcase classname="com.tests.TutorialNinjaDemo" name="searchMacProducts" time="8.821"/>
  <testcase classname="com.tests.TutorialNinjaDemo" name="invalidLogin" time="10.616"/>
</testsuite> <!-- com.tests.TutorialNinjaDemo -->
